<?xml version="1.0" encoding="UTF-8"?>
<!-- Generated by org.testng.reporters.JUnitReportReporter -->
<testsuite hostname="LAPTOP-43CGLNC0" failures="0" tests="3" name="com.CRM.TestCases.HomePageTest" time="0.399" errors="0" timestamp="2024-04-29T21:52:40 IST" skipped="0">
  <testcase classname="com.CRM.TestCases.HomePageTest" name="verifyUrl" time="0.042"/>
  <system-out/>
  <testcase classname="com.CRM.TestCases.HomePageTest" name="verifyTitle" time="0.024"/>
  <system-out/>
  <testcase classname="com.CRM.TestCases.HomePageTest" name="verifySignIn" time="0.333"/>
  <system-out/>
</testsuite> <!-- com.CRM.TestCases.HomePageTest -->
