<?xml version="1.0" encoding="UTF-8"?>
<!-- Generated by org.testng.reporters.JUnitReportReporter -->
<testsuite hostname="LAPTOP-43CGLNC0" failures="0" tests="1" name="com.CRM.TestCases.LoginPageTest" time="0.813" errors="0" timestamp="2024-04-21T23:54:07 IST" skipped="0">
  <testcase classname="com.CRM.TestCases.LoginPageTest" name="verifyLogin" time="0.813"/>
  <system-out/>
</testsuite> <!-- com.CRM.TestCases.LoginPageTest -->
